<?xml version='1.0'?>
<ns2:test-suite xmlns:ns2='urn:model.allure.qatools.yandex.ru' start='1738269360171' stop='1738269363285'>
    <name>Validating the Login Process:</name>
    <title>Validating the Login Process:</title>
    <test-cases>
        <test-case start='1738269360173' status='failed' stop='1738269360750'>
            <name>Login with valid user</name>
            <title>Login with valid user</title>
            <labels>
                <label name='language' value='javascript'/>
                <label name='framework' value='codeceptjs'/>
            </labels>
            <parameters/>
            <steps/>
            <attachments>
                <attachment title='Main session - Last Seen Screenshot' source='3195263f-c9d6-4232-bc5b-c3505a83621d-attachment.png' type='image/png' size='4331'/>
            </attachments>
            <failure>
                <message>loginAccountPage.openLoginPage is not a function</message>
                <stack-trace>TypeError: loginAccountPage.openLoginPage is not a function
                    at Test.&lt;anonymous> (/Users/lucas.mazzuco/Documents/repos/WebAutomationAlsea/test/login/testLoginValidation.js:6:20)
                    at test.fn (/Users/lucas.mazzuco/Documents/repos/WebAutomationAlsea/node_modules/codeceptjs/lib/scenario.js:90:14)
                    at callFnAsync (/Users/lucas.mazzuco/Documents/repos/WebAutomationAlsea/node_modules/mocha/lib/runnable.js:392:21)
                    at Runnable.run (/Users/lucas.mazzuco/Documents/repos/WebAutomationAlsea/node_modules/mocha/lib/runnable.js:336:7)
                    at Runner.runTest (/Users/lucas.mazzuco/Documents/repos/WebAutomationAlsea/node_modules/mocha/lib/runner.js:677:10)
                    at /Users/lucas.mazzuco/Documents/repos/WebAutomationAlsea/node_modules/mocha/lib/runner.js:800:12
                    at next (/Users/lucas.mazzuco/Documents/repos/WebAutomationAlsea/node_modules/mocha/lib/runner.js:592:14)
                    at /Users/lucas.mazzuco/Documents/repos/WebAutomationAlsea/node_modules/mocha/lib/runner.js:602:7
                    at next (/Users/lucas.mazzuco/Documents/repos/WebAutomationAlsea/node_modules/mocha/lib/runner.js:485:14)
                    at cbHookRun (/Users/lucas.mazzuco/Documents/repos/WebAutomationAlsea/node_modules/mocha/lib/runner.js:550:7)</stack-trace>
            </failure>
        </test-case>
        <test-case start='1738269360947' status='failed' stop='1738269361549'>
            <name>Login with invalid email</name>
            <title>Login with invalid email</title>
            <labels>
                <label name='language' value='javascript'/>
                <label name='framework' value='codeceptjs'/>
            </labels>
            <parameters/>
            <steps/>
            <attachments>
                <attachment title='Main session - Last Seen Screenshot' source='3c598e53-9688-4687-8b1c-61ba4b5617ca-attachment.png' type='image/png' size='4331'/>
            </attachments>
            <failure>
                <message>loginAccountPage.openLoginPage is not a function</message>
                <stack-trace>TypeError: loginAccountPage.openLoginPage is not a function
                    at Test.&lt;anonymous> (/Users/lucas.mazzuco/Documents/repos/WebAutomationAlsea/test/login/testLoginValidation.js:14:20)
                    at test.fn (/Users/lucas.mazzuco/Documents/repos/WebAutomationAlsea/node_modules/codeceptjs/lib/scenario.js:90:14)
                    at callFnAsync (/Users/lucas.mazzuco/Documents/repos/WebAutomationAlsea/node_modules/mocha/lib/runnable.js:392:21)
                    at Runnable.run (/Users/lucas.mazzuco/Documents/repos/WebAutomationAlsea/node_modules/mocha/lib/runnable.js:336:7)
                    at Runner.runTest (/Users/lucas.mazzuco/Documents/repos/WebAutomationAlsea/node_modules/mocha/lib/runner.js:677:10)
                    at /Users/lucas.mazzuco/Documents/repos/WebAutomationAlsea/node_modules/mocha/lib/runner.js:800:12
                    at next (/Users/lucas.mazzuco/Documents/repos/WebAutomationAlsea/node_modules/mocha/lib/runner.js:592:14)
                    at /Users/lucas.mazzuco/Documents/repos/WebAutomationAlsea/node_modules/mocha/lib/runner.js:602:7
                    at next (/Users/lucas.mazzuco/Documents/repos/WebAutomationAlsea/node_modules/mocha/lib/runner.js:485:14)
                    at cbHookRun (/Users/lucas.mazzuco/Documents/repos/WebAutomationAlsea/node_modules/mocha/lib/runner.js:550:7)</stack-trace>
            </failure>
        </test-case>
        <test-case start='1738269361742' status='failed' stop='1738269362324'>
            <name>Login with invalid password</name>
            <title>Login with invalid password</title>
            <labels>
                <label name='language' value='javascript'/>
                <label name='framework' value='codeceptjs'/>
            </labels>
            <parameters/>
            <steps/>
            <attachments>
                <attachment title='Main session - Last Seen Screenshot' source='94861ad0-cc33-4aca-998a-61e796b65910-attachment.png' type='image/png' size='4331'/>
            </attachments>
            <failure>
                <message>loginAccountPage.openLoginPage is not a function</message>
                <stack-trace>TypeError: loginAccountPage.openLoginPage is not a function
                    at Test.&lt;anonymous> (/Users/lucas.mazzuco/Documents/repos/WebAutomationAlsea/test/login/testLoginValidation.js:22:20)
                    at test.fn (/Users/lucas.mazzuco/Documents/repos/WebAutomationAlsea/node_modules/codeceptjs/lib/scenario.js:90:14)
                    at callFnAsync (/Users/lucas.mazzuco/Documents/repos/WebAutomationAlsea/node_modules/mocha/lib/runnable.js:392:21)
                    at Runnable.run (/Users/lucas.mazzuco/Documents/repos/WebAutomationAlsea/node_modules/mocha/lib/runnable.js:336:7)
                    at Runner.runTest (/Users/lucas.mazzuco/Documents/repos/WebAutomationAlsea/node_modules/mocha/lib/runner.js:677:10)
                    at /Users/lucas.mazzuco/Documents/repos/WebAutomationAlsea/node_modules/mocha/lib/runner.js:800:12
                    at next (/Users/lucas.mazzuco/Documents/repos/WebAutomationAlsea/node_modules/mocha/lib/runner.js:592:14)
                    at /Users/lucas.mazzuco/Documents/repos/WebAutomationAlsea/node_modules/mocha/lib/runner.js:602:7
                    at next (/Users/lucas.mazzuco/Documents/repos/WebAutomationAlsea/node_modules/mocha/lib/runner.js:485:14)
                    at cbHookRun (/Users/lucas.mazzuco/Documents/repos/WebAutomationAlsea/node_modules/mocha/lib/runner.js:550:7)</stack-trace>
            </failure>
        </test-case>
        <test-case start='1738269362523' status='failed' stop='1738269363082'>
            <name>Signing Up from the account</name>
            <title>Signing Up from the account</title>
            <labels>
                <label name='language' value='javascript'/>
                <label name='framework' value='codeceptjs'/>
            </labels>
            <parameters/>
            <steps/>
            <attachments>
                <attachment title='Main session - Last Seen Screenshot' source='52b5a522-12a8-4168-9324-2015d68b1987-attachment.png' type='image/png' size='4331'/>
            </attachments>
            <failure>
                <message>loginAccountPage.openLoginPage is not a function</message>
                <stack-trace>TypeError: loginAccountPage.openLoginPage is not a function
                    at Test.&lt;anonymous> (/Users/lucas.mazzuco/Documents/repos/WebAutomationAlsea/test/login/testLoginValidation.js:30:20)
                    at test.fn (/Users/lucas.mazzuco/Documents/repos/WebAutomationAlsea/node_modules/codeceptjs/lib/scenario.js:90:14)
                    at callFnAsync (/Users/lucas.mazzuco/Documents/repos/WebAutomationAlsea/node_modules/mocha/lib/runnable.js:392:21)
                    at Runnable.run (/Users/lucas.mazzuco/Documents/repos/WebAutomationAlsea/node_modules/mocha/lib/runnable.js:336:7)
                    at Runner.runTest (/Users/lucas.mazzuco/Documents/repos/WebAutomationAlsea/node_modules/mocha/lib/runner.js:677:10)
                    at /Users/lucas.mazzuco/Documents/repos/WebAutomationAlsea/node_modules/mocha/lib/runner.js:800:12
                    at next (/Users/lucas.mazzuco/Documents/repos/WebAutomationAlsea/node_modules/mocha/lib/runner.js:592:14)
                    at /Users/lucas.mazzuco/Documents/repos/WebAutomationAlsea/node_modules/mocha/lib/runner.js:602:7
                    at next (/Users/lucas.mazzuco/Documents/repos/WebAutomationAlsea/node_modules/mocha/lib/runner.js:485:14)
                    at cbHookRun (/Users/lucas.mazzuco/Documents/repos/WebAutomationAlsea/node_modules/mocha/lib/runner.js:550:7)</stack-trace>
            </failure>
        </test-case>
    </test-cases>
</ns2:test-suite>