<?xml version='1.0'?>
<ns2:test-suite xmlns:ns2='urn:model.allure.qatools.yandex.ru' start='1738267400579' stop='1738267402545'>
    <name>Validating the Login Process:</name>
    <title>Validating the Login Process:</title>
    <test-cases>
        <test-case start='1738267400581' status='failed' stop='1738267400945'>
            <name>Login with valid user</name>
            <title>Login with valid user</title>
            <labels>
                <label name='language' value='javascript'/>
                <label name='framework' value='codeceptjs'/>
            </labels>
            <parameters/>
            <steps/>
            <attachments>
                <attachment title='Main session - Last Seen Screenshot' source='630ef1d7-885a-4a46-b55a-cc0e14d551b3-attachment.png' type='image/png' size='4331'/>
            </attachments>
            <failure>
                <message>loginPage is not defined</message>
                <stack-trace>ReferenceError: loginPage is not defined
                    at Test.&lt;anonymous> (/Users/lucas.mazzuco/Documents/repos/WebAutomationAlsea/test/login/testLoginValidation.js:6:3)
                    at test.fn (/Users/lucas.mazzuco/Documents/repos/WebAutomationAlsea/node_modules/codeceptjs/lib/scenario.js:90:14)
                    at callFnAsync (/Users/lucas.mazzuco/Documents/repos/WebAutomationAlsea/node_modules/mocha/lib/runnable.js:392:21)
                    at Runnable.run (/Users/lucas.mazzuco/Documents/repos/WebAutomationAlsea/node_modules/mocha/lib/runnable.js:336:7)
                    at Runner.runTest (/Users/lucas.mazzuco/Documents/repos/WebAutomationAlsea/node_modules/mocha/lib/runner.js:677:10)
                    at /Users/lucas.mazzuco/Documents/repos/WebAutomationAlsea/node_modules/mocha/lib/runner.js:800:12
                    at next (/Users/lucas.mazzuco/Documents/repos/WebAutomationAlsea/node_modules/mocha/lib/runner.js:592:14)
                    at /Users/lucas.mazzuco/Documents/repos/WebAutomationAlsea/node_modules/mocha/lib/runner.js:602:7
                    at next (/Users/lucas.mazzuco/Documents/repos/WebAutomationAlsea/node_modules/mocha/lib/runner.js:485:14)
                    at cbHookRun (/Users/lucas.mazzuco/Documents/repos/WebAutomationAlsea/node_modules/mocha/lib/runner.js:550:7)</stack-trace>
            </failure>
        </test-case>
        <test-case start='1738267401061' status='failed' stop='1738267401428'>
            <name>Login with invalid email</name>
            <title>Login with invalid email</title>
            <labels>
                <label name='language' value='javascript'/>
                <label name='framework' value='codeceptjs'/>
            </labels>
            <parameters/>
            <steps/>
            <attachments>
                <attachment title='Main session - Last Seen Screenshot' source='dfd68bd5-e539-46fe-a3f4-f78ac9f30cc0-attachment.png' type='image/png' size='4331'/>
            </attachments>
            <failure>
                <message>loginPage is not defined</message>
                <stack-trace>ReferenceError: loginPage is not defined
                    at Test.&lt;anonymous> (/Users/lucas.mazzuco/Documents/repos/WebAutomationAlsea/test/login/testLoginValidation.js:14:3)
                    at test.fn (/Users/lucas.mazzuco/Documents/repos/WebAutomationAlsea/node_modules/codeceptjs/lib/scenario.js:90:14)
                    at callFnAsync (/Users/lucas.mazzuco/Documents/repos/WebAutomationAlsea/node_modules/mocha/lib/runnable.js:392:21)
                    at Runnable.run (/Users/lucas.mazzuco/Documents/repos/WebAutomationAlsea/node_modules/mocha/lib/runnable.js:336:7)
                    at Runner.runTest (/Users/lucas.mazzuco/Documents/repos/WebAutomationAlsea/node_modules/mocha/lib/runner.js:677:10)
                    at /Users/lucas.mazzuco/Documents/repos/WebAutomationAlsea/node_modules/mocha/lib/runner.js:800:12
                    at next (/Users/lucas.mazzuco/Documents/repos/WebAutomationAlsea/node_modules/mocha/lib/runner.js:592:14)
                    at /Users/lucas.mazzuco/Documents/repos/WebAutomationAlsea/node_modules/mocha/lib/runner.js:602:7
                    at next (/Users/lucas.mazzuco/Documents/repos/WebAutomationAlsea/node_modules/mocha/lib/runner.js:485:14)
                    at cbHookRun (/Users/lucas.mazzuco/Documents/repos/WebAutomationAlsea/node_modules/mocha/lib/runner.js:550:7)</stack-trace>
            </failure>
        </test-case>
        <test-case start='1738267401555' status='failed' stop='1738267401913'>
            <name>Login with invalid password</name>
            <title>Login with invalid password</title>
            <labels>
                <label name='language' value='javascript'/>
                <label name='framework' value='codeceptjs'/>
            </labels>
            <parameters/>
            <steps/>
            <attachments>
                <attachment title='Main session - Last Seen Screenshot' source='4f69fd18-1518-42b6-ba29-31ee871185bf-attachment.png' type='image/png' size='4331'/>
            </attachments>
            <failure>
                <message>loginPage is not defined</message>
                <stack-trace>ReferenceError: loginPage is not defined
                    at Test.&lt;anonymous> (/Users/lucas.mazzuco/Documents/repos/WebAutomationAlsea/test/login/testLoginValidation.js:22:3)
                    at test.fn (/Users/lucas.mazzuco/Documents/repos/WebAutomationAlsea/node_modules/codeceptjs/lib/scenario.js:90:14)
                    at callFnAsync (/Users/lucas.mazzuco/Documents/repos/WebAutomationAlsea/node_modules/mocha/lib/runnable.js:392:21)
                    at Runnable.run (/Users/lucas.mazzuco/Documents/repos/WebAutomationAlsea/node_modules/mocha/lib/runnable.js:336:7)
                    at Runner.runTest (/Users/lucas.mazzuco/Documents/repos/WebAutomationAlsea/node_modules/mocha/lib/runner.js:677:10)
                    at /Users/lucas.mazzuco/Documents/repos/WebAutomationAlsea/node_modules/mocha/lib/runner.js:800:12
                    at next (/Users/lucas.mazzuco/Documents/repos/WebAutomationAlsea/node_modules/mocha/lib/runner.js:592:14)
                    at /Users/lucas.mazzuco/Documents/repos/WebAutomationAlsea/node_modules/mocha/lib/runner.js:602:7
                    at next (/Users/lucas.mazzuco/Documents/repos/WebAutomationAlsea/node_modules/mocha/lib/runner.js:485:14)
                    at cbHookRun (/Users/lucas.mazzuco/Documents/repos/WebAutomationAlsea/node_modules/mocha/lib/runner.js:550:7)</stack-trace>
            </failure>
        </test-case>
        <test-case start='1738267402028' status='failed' stop='1738267402428'>
            <name>Signing Up from the account</name>
            <title>Signing Up from the account</title>
            <labels>
                <label name='language' value='javascript'/>
                <label name='framework' value='codeceptjs'/>
            </labels>
            <parameters/>
            <steps/>
            <attachments>
                <attachment title='Main session - Last Seen Screenshot' source='b8816810-5970-4198-b6e5-044a6435b417-attachment.png' type='image/png' size='4331'/>
            </attachments>
            <failure>
                <message>loginPage is not defined</message>
                <stack-trace>ReferenceError: loginPage is not defined
                    at Test.&lt;anonymous> (/Users/lucas.mazzuco/Documents/repos/WebAutomationAlsea/test/login/testLoginValidation.js:30:3)
                    at test.fn (/Users/lucas.mazzuco/Documents/repos/WebAutomationAlsea/node_modules/codeceptjs/lib/scenario.js:90:14)
                    at callFnAsync (/Users/lucas.mazzuco/Documents/repos/WebAutomationAlsea/node_modules/mocha/lib/runnable.js:392:21)
                    at Runnable.run (/Users/lucas.mazzuco/Documents/repos/WebAutomationAlsea/node_modules/mocha/lib/runnable.js:336:7)
                    at Runner.runTest (/Users/lucas.mazzuco/Documents/repos/WebAutomationAlsea/node_modules/mocha/lib/runner.js:677:10)
                    at /Users/lucas.mazzuco/Documents/repos/WebAutomationAlsea/node_modules/mocha/lib/runner.js:800:12
                    at next (/Users/lucas.mazzuco/Documents/repos/WebAutomationAlsea/node_modules/mocha/lib/runner.js:592:14)
                    at /Users/lucas.mazzuco/Documents/repos/WebAutomationAlsea/node_modules/mocha/lib/runner.js:602:7
                    at next (/Users/lucas.mazzuco/Documents/repos/WebAutomationAlsea/node_modules/mocha/lib/runner.js:485:14)
                    at cbHookRun (/Users/lucas.mazzuco/Documents/repos/WebAutomationAlsea/node_modules/mocha/lib/runner.js:550:7)</stack-trace>
            </failure>
        </test-case>
    </test-cases>
</ns2:test-suite>