<?xml version='1.0'?>
<ns2:test-suite xmlns:ns2='urn:model.allure.qatools.yandex.ru' start='1738269337924' stop='1738269340954'>
    <name>Validating the Login Process:</name>
    <title>Validating the Login Process:</title>
    <test-cases>
        <test-case start='1738269337926' status='failed' stop='1738269338438'>
            <name>Login with valid user</name>
            <title>Login with valid user</title>
            <labels>
                <label name='language' value='javascript'/>
                <label name='framework' value='codeceptjs'/>
            </labels>
            <parameters/>
            <steps/>
            <attachments>
                <attachment title='Main session - Last Seen Screenshot' source='d26b6614-15d8-4969-9bc2-50ddf9f991c0-attachment.png' type='image/png' size='4331'/>
            </attachments>
            <failure>
                <message>loginAccountPage.openLoginPage is not a function</message>
                <stack-trace>TypeError: loginAccountPage.openLoginPage is not a function
                    at Test.&lt;anonymous> (/Users/lucas.mazzuco/Documents/repos/WebAutomationAlsea/test/login/testLoginValidation.js:6:20)
                    at test.fn (/Users/lucas.mazzuco/Documents/repos/WebAutomationAlsea/node_modules/codeceptjs/lib/scenario.js:90:14)
                    at callFnAsync (/Users/lucas.mazzuco/Documents/repos/WebAutomationAlsea/node_modules/mocha/lib/runnable.js:392:21)
                    at Runnable.run (/Users/lucas.mazzuco/Documents/repos/WebAutomationAlsea/node_modules/mocha/lib/runnable.js:336:7)
                    at Runner.runTest (/Users/lucas.mazzuco/Documents/repos/WebAutomationAlsea/node_modules/mocha/lib/runner.js:677:10)
                    at /Users/lucas.mazzuco/Documents/repos/WebAutomationAlsea/node_modules/mocha/lib/runner.js:800:12
                    at next (/Users/lucas.mazzuco/Documents/repos/WebAutomationAlsea/node_modules/mocha/lib/runner.js:592:14)
                    at /Users/lucas.mazzuco/Documents/repos/WebAutomationAlsea/node_modules/mocha/lib/runner.js:602:7
                    at next (/Users/lucas.mazzuco/Documents/repos/WebAutomationAlsea/node_modules/mocha/lib/runner.js:485:14)
                    at cbHookRun (/Users/lucas.mazzuco/Documents/repos/WebAutomationAlsea/node_modules/mocha/lib/runner.js:550:7)</stack-trace>
            </failure>
        </test-case>
        <test-case start='1738269338627' status='failed' stop='1738269339092'>
            <name>Login with invalid email</name>
            <title>Login with invalid email</title>
            <labels>
                <label name='language' value='javascript'/>
                <label name='framework' value='codeceptjs'/>
            </labels>
            <parameters/>
            <steps/>
            <attachments>
                <attachment title='Main session - Last Seen Screenshot' source='008d775e-4a05-45b8-b4da-641a7e338af0-attachment.png' type='image/png' size='4331'/>
            </attachments>
            <failure>
                <message>loginAccountPage.openLoginPage is not a function</message>
                <stack-trace>TypeError: loginAccountPage.openLoginPage is not a function
                    at Test.&lt;anonymous> (/Users/lucas.mazzuco/Documents/repos/WebAutomationAlsea/test/login/testLoginValidation.js:14:20)
                    at test.fn (/Users/lucas.mazzuco/Documents/repos/WebAutomationAlsea/node_modules/codeceptjs/lib/scenario.js:90:14)
                    at callFnAsync (/Users/lucas.mazzuco/Documents/repos/WebAutomationAlsea/node_modules/mocha/lib/runnable.js:392:21)
                    at Runnable.run (/Users/lucas.mazzuco/Documents/repos/WebAutomationAlsea/node_modules/mocha/lib/runnable.js:336:7)
                    at Runner.runTest (/Users/lucas.mazzuco/Documents/repos/WebAutomationAlsea/node_modules/mocha/lib/runner.js:677:10)
                    at /Users/lucas.mazzuco/Documents/repos/WebAutomationAlsea/node_modules/mocha/lib/runner.js:800:12
                    at next (/Users/lucas.mazzuco/Documents/repos/WebAutomationAlsea/node_modules/mocha/lib/runner.js:592:14)
                    at /Users/lucas.mazzuco/Documents/repos/WebAutomationAlsea/node_modules/mocha/lib/runner.js:602:7
                    at next (/Users/lucas.mazzuco/Documents/repos/WebAutomationAlsea/node_modules/mocha/lib/runner.js:485:14)
                    at cbHookRun (/Users/lucas.mazzuco/Documents/repos/WebAutomationAlsea/node_modules/mocha/lib/runner.js:550:7)</stack-trace>
            </failure>
        </test-case>
        <test-case start='1738269339309' status='failed' stop='1738269339976'>
            <name>Login with invalid password</name>
            <title>Login with invalid password</title>
            <labels>
                <label name='language' value='javascript'/>
                <label name='framework' value='codeceptjs'/>
            </labels>
            <parameters/>
            <steps/>
            <attachments>
                <attachment title='Main session - Last Seen Screenshot' source='d39c8a70-2940-4681-b52d-35e1c0a57835-attachment.png' type='image/png' size='4331'/>
            </attachments>
            <failure>
                <message>loginAccountPage.openLoginPage is not a function</message>
                <stack-trace>TypeError: loginAccountPage.openLoginPage is not a function
                    at Test.&lt;anonymous> (/Users/lucas.mazzuco/Documents/repos/WebAutomationAlsea/test/login/testLoginValidation.js:22:20)
                    at test.fn (/Users/lucas.mazzuco/Documents/repos/WebAutomationAlsea/node_modules/codeceptjs/lib/scenario.js:90:14)
                    at callFnAsync (/Users/lucas.mazzuco/Documents/repos/WebAutomationAlsea/node_modules/mocha/lib/runnable.js:392:21)
                    at Runnable.run (/Users/lucas.mazzuco/Documents/repos/WebAutomationAlsea/node_modules/mocha/lib/runnable.js:336:7)
                    at Runner.runTest (/Users/lucas.mazzuco/Documents/repos/WebAutomationAlsea/node_modules/mocha/lib/runner.js:677:10)
                    at /Users/lucas.mazzuco/Documents/repos/WebAutomationAlsea/node_modules/mocha/lib/runner.js:800:12
                    at next (/Users/lucas.mazzuco/Documents/repos/WebAutomationAlsea/node_modules/mocha/lib/runner.js:592:14)
                    at /Users/lucas.mazzuco/Documents/repos/WebAutomationAlsea/node_modules/mocha/lib/runner.js:602:7
                    at next (/Users/lucas.mazzuco/Documents/repos/WebAutomationAlsea/node_modules/mocha/lib/runner.js:485:14)
                    at cbHookRun (/Users/lucas.mazzuco/Documents/repos/WebAutomationAlsea/node_modules/mocha/lib/runner.js:550:7)</stack-trace>
            </failure>
        </test-case>
        <test-case start='1738269340198' status='failed' stop='1738269340769'>
            <name>Signing Up from the account</name>
            <title>Signing Up from the account</title>
            <labels>
                <label name='language' value='javascript'/>
                <label name='framework' value='codeceptjs'/>
            </labels>
            <parameters/>
            <steps/>
            <attachments>
                <attachment title='Main session - Last Seen Screenshot' source='880dfd9b-5501-4a80-a7ff-e0d83531d128-attachment.png' type='image/png' size='4331'/>
            </attachments>
            <failure>
                <message>loginAccountPage.openLoginPage is not a function</message>
                <stack-trace>TypeError: loginAccountPage.openLoginPage is not a function
                    at Test.&lt;anonymous> (/Users/lucas.mazzuco/Documents/repos/WebAutomationAlsea/test/login/testLoginValidation.js:30:20)
                    at test.fn (/Users/lucas.mazzuco/Documents/repos/WebAutomationAlsea/node_modules/codeceptjs/lib/scenario.js:90:14)
                    at callFnAsync (/Users/lucas.mazzuco/Documents/repos/WebAutomationAlsea/node_modules/mocha/lib/runnable.js:392:21)
                    at Runnable.run (/Users/lucas.mazzuco/Documents/repos/WebAutomationAlsea/node_modules/mocha/lib/runnable.js:336:7)
                    at Runner.runTest (/Users/lucas.mazzuco/Documents/repos/WebAutomationAlsea/node_modules/mocha/lib/runner.js:677:10)
                    at /Users/lucas.mazzuco/Documents/repos/WebAutomationAlsea/node_modules/mocha/lib/runner.js:800:12
                    at next (/Users/lucas.mazzuco/Documents/repos/WebAutomationAlsea/node_modules/mocha/lib/runner.js:592:14)
                    at /Users/lucas.mazzuco/Documents/repos/WebAutomationAlsea/node_modules/mocha/lib/runner.js:602:7
                    at next (/Users/lucas.mazzuco/Documents/repos/WebAutomationAlsea/node_modules/mocha/lib/runner.js:485:14)
                    at cbHookRun (/Users/lucas.mazzuco/Documents/repos/WebAutomationAlsea/node_modules/mocha/lib/runner.js:550:7)</stack-trace>
            </failure>
        </test-case>
    </test-cases>
</ns2:test-suite>